Grammar

    0 $accept: Result $end

    1 Result: E '\n'

    2 E: E '+' E
    3  | E '-' E
    4  | E '*' E
    5  | E '/' E
    6  | E '%' E
    7  | E '^' E
    8  | '(' E ')'
    9  | '!' E
   10  | E '<' E
   11  | E '>' E
   12  | E A E
   13  | E B E
   14  | E C E
   15  | E D E
   16  | E F E
   17  | E G E
   18  | E '&' E
   19  | E '|' E
   20  | E H E
   21  | E I E
   22  | '-' E
   23  | NUM


Terminals, with rules where they appear

    $end (0) 0
    '\n' (10) 1
    '!' (33) 9
    '%' (37) 6
    '&' (38) 18
    '(' (40) 8
    ')' (41) 8
    '*' (42) 4
    '+' (43) 2
    '-' (45) 3 22
    '/' (47) 5
    '<' (60) 10
    '>' (62) 11
    '^' (94) 7
    '|' (124) 19
    error (256)
    NUM (258) 23
    A (259) 12
    B (260) 13
    C (261) 14
    D (262) 15
    F (263) 16
    G (264) 17
    H (265) 20
    I (266) 21


Nonterminals, with rules where they appear

    $accept (26)
        on left: 0
    Result (27)
        on left: 1
        on right: 0
    E (28)
        on left: 2 3 4 5 6 7 8 9 10 11 12 13 14 15 16 17 18 19 20 21 22 23
        on right: 1 2 3 4 5 6 7 8 9 10 11 12 13 14 15 16 17 18 19 20 21 22


State 0

    0 $accept: . Result $end

    NUM  shift, and go to state 1
    '-'  shift, and go to state 2
    '!'  shift, and go to state 3
    '('  shift, and go to state 4

    Result  go to state 5
    E       go to state 6


State 1

   23 E: NUM .

    $default  reduce using rule 23 (E)


State 2

   22 E: '-' . E

    NUM  shift, and go to state 1
    '-'  shift, and go to state 2
    '!'  shift, and go to state 3
    '('  shift, and go to state 4

    E  go to state 7


State 3

    9 E: '!' . E

    NUM  shift, and go to state 1
    '-'  shift, and go to state 2
    '!'  shift, and go to state 3
    '('  shift, and go to state 4

    E  go to state 8


State 4

    8 E: '(' . E ')'

    NUM  shift, and go to state 1
    '-'  shift, and go to state 2
    '!'  shift, and go to state 3
    '('  shift, and go to state 4

    E  go to state 9


State 5

    0 $accept: Result . $end

    $end  shift, and go to state 10


State 6

    1 Result: E . '\n'
    2 E: E . '+' E
    3  | E . '-' E
    4  | E . '*' E
    5  | E . '/' E
    6  | E . '%' E
    7  | E . '^' E
   10  | E . '<' E
   11  | E . '>' E
   12  | E . A E
   13  | E . B E
   14  | E . C E
   15  | E . D E
   16  | E . F E
   17  | E . G E
   18  | E . '&' E
   19  | E . '|' E
   20  | E . H E
   21  | E . I E

    A     shift, and go to state 11
    B     shift, and go to state 12
    C     shift, and go to state 13
    D     shift, and go to state 14
    F     shift, and go to state 15
    G     shift, and go to state 16
    H     shift, and go to state 17
    I     shift, and go to state 18
    '|'   shift, and go to state 19
    '&'   shift, and go to state 20
    '>'   shift, and go to state 21
    '<'   shift, and go to state 22
    '+'   shift, and go to state 23
    '-'   shift, and go to state 24
    '*'   shift, and go to state 25
    '/'   shift, and go to state 26
    '%'   shift, and go to state 27
    '^'   shift, and go to state 28
    '\n'  shift, and go to state 29


State 7

    2 E: E . '+' E
    3  | E . '-' E
    4  | E . '*' E
    5  | E . '/' E
    6  | E . '%' E
    7  | E . '^' E
   10  | E . '<' E
   11  | E . '>' E
   12  | E . A E
   13  | E . B E
   14  | E . C E
   15  | E . D E
   16  | E . F E
   17  | E . G E
   18  | E . '&' E
   19  | E . '|' E
   20  | E . H E
   21  | E . I E
   22  | '-' E .

    '*'  shift, and go to state 25
    '/'  shift, and go to state 26
    '%'  shift, and go to state 27
    '^'  shift, and go to state 28

    $default  reduce using rule 22 (E)


State 8

    2 E: E . '+' E
    3  | E . '-' E
    4  | E . '*' E
    5  | E . '/' E
    6  | E . '%' E
    7  | E . '^' E
    9  | '!' E .
   10  | E . '<' E
   11  | E . '>' E
   12  | E . A E
   13  | E . B E
   14  | E . C E
   15  | E . D E
   16  | E . F E
   17  | E . G E
   18  | E . '&' E
   19  | E . '|' E
   20  | E . H E
   21  | E . I E

    $default  reduce using rule 9 (E)


State 9

    2 E: E . '+' E
    3  | E . '-' E
    4  | E . '*' E
    5  | E . '/' E
    6  | E . '%' E
    7  | E . '^' E
    8  | '(' E . ')'
   10  | E . '<' E
   11  | E . '>' E
   12  | E . A E
   13  | E . B E
   14  | E . C E
   15  | E . D E
   16  | E . F E
   17  | E . G E
   18  | E . '&' E
   19  | E . '|' E
   20  | E . H E
   21  | E . I E

    A    shift, and go to state 11
    B    shift, and go to state 12
    C    shift, and go to state 13
    D    shift, and go to state 14
    F    shift, and go to state 15
    G    shift, and go to state 16
    H    shift, and go to state 17
    I    shift, and go to state 18
    '|'  shift, and go to state 19
    '&'  shift, and go to state 20
    '>'  shift, and go to state 21
    '<'  shift, and go to state 22
    '+'  shift, and go to state 23
    '-'  shift, and go to state 24
    '*'  shift, and go to state 25
    '/'  shift, and go to state 26
    '%'  shift, and go to state 27
    '^'  shift, and go to state 28
    ')'  shift, and go to state 30


State 10

    0 $accept: Result $end .

    $default  accept


State 11

   12 E: E A . E

    NUM  shift, and go to state 1
    '-'  shift, and go to state 2
    '!'  shift, and go to state 3
    '('  shift, and go to state 4

    E  go to state 31


State 12

   13 E: E B . E

    NUM  shift, and go to state 1
    '-'  shift, and go to state 2
    '!'  shift, and go to state 3
    '('  shift, and go to state 4

    E  go to state 32


State 13

   14 E: E C . E

    NUM  shift, and go to state 1
    '-'  shift, and go to state 2
    '!'  shift, and go to state 3
    '('  shift, and go to state 4

    E  go to state 33


State 14

   15 E: E D . E

    NUM  shift, and go to state 1
    '-'  shift, and go to state 2
    '!'  shift, and go to state 3
    '('  shift, and go to state 4

    E  go to state 34


State 15

   16 E: E F . E

    NUM  shift, and go to state 1
    '-'  shift, and go to state 2
    '!'  shift, and go to state 3
    '('  shift, and go to state 4

    E  go to state 35


State 16

   17 E: E G . E

    NUM  shift, and go to state 1
    '-'  shift, and go to state 2
    '!'  shift, and go to state 3
    '('  shift, and go to state 4

    E  go to state 36


State 17

   20 E: E H . E

    NUM  shift, and go to state 1
    '-'  shift, and go to state 2
    '!'  shift, and go to state 3
    '('  shift, and go to state 4

    E  go to state 37


State 18

   21 E: E I . E

    NUM  shift, and go to state 1
    '-'  shift, and go to state 2
    '!'  shift, and go to state 3
    '('  shift, and go to state 4

    E  go to state 38


State 19

   19 E: E '|' . E

    NUM  shift, and go to state 1
    '-'  shift, and go to state 2
    '!'  shift, and go to state 3
    '('  shift, and go to state 4

    E  go to state 39


State 20

   18 E: E '&' . E

    NUM  shift, and go to state 1
    '-'  shift, and go to state 2
    '!'  shift, and go to state 3
    '('  shift, and go to state 4

    E  go to state 40


State 21

   11 E: E '>' . E

    NUM  shift, and go to state 1
    '-'  shift, and go to state 2
    '!'  shift, and go to state 3
    '('  shift, and go to state 4

    E  go to state 41


State 22

   10 E: E '<' . E

    NUM  shift, and go to state 1
    '-'  shift, and go to state 2
    '!'  shift, and go to state 3
    '('  shift, and go to state 4

    E  go to state 42


State 23

    2 E: E '+' . E

    NUM  shift, and go to state 1
    '-'  shift, and go to state 2
    '!'  shift, and go to state 3
    '('  shift, and go to state 4

    E  go to state 43


State 24

    3 E: E '-' . E

    NUM  shift, and go to state 1
    '-'  shift, and go to state 2
    '!'  shift, and go to state 3
    '('  shift, and go to state 4

    E  go to state 44


State 25

    4 E: E '*' . E

    NUM  shift, and go to state 1
    '-'  shift, and go to state 2
    '!'  shift, and go to state 3
    '('  shift, and go to state 4

    E  go to state 45


State 26

    5 E: E '/' . E

    NUM  shift, and go to state 1
    '-'  shift, and go to state 2
    '!'  shift, and go to state 3
    '('  shift, and go to state 4

    E  go to state 46


State 27

    6 E: E '%' . E

    NUM  shift, and go to state 1
    '-'  shift, and go to state 2
    '!'  shift, and go to state 3
    '('  shift, and go to state 4

    E  go to state 47


State 28

    7 E: E '^' . E

    NUM  shift, and go to state 1
    '-'  shift, and go to state 2
    '!'  shift, and go to state 3
    '('  shift, and go to state 4

    E  go to state 48


State 29

    1 Result: E '\n' .

    $default  reduce using rule 1 (Result)


State 30

    8 E: '(' E ')' .

    $default  reduce using rule 8 (E)


State 31

    2 E: E . '+' E
    3  | E . '-' E
    4  | E . '*' E
    5  | E . '/' E
    6  | E . '%' E
    7  | E . '^' E
   10  | E . '<' E
   11  | E . '>' E
   12  | E . A E
   12  | E A E .
   13  | E . B E
   14  | E . C E
   15  | E . D E
   16  | E . F E
   17  | E . G E
   18  | E . '&' E
   19  | E . '|' E
   20  | E . H E
   21  | E . I E

    H    shift, and go to state 17
    I    shift, and go to state 18
    '+'  shift, and go to state 23
    '-'  shift, and go to state 24
    '*'  shift, and go to state 25
    '/'  shift, and go to state 26
    '%'  shift, and go to state 27
    '^'  shift, and go to state 28

    $default  reduce using rule 12 (E)


State 32

    2 E: E . '+' E
    3  | E . '-' E
    4  | E . '*' E
    5  | E . '/' E
    6  | E . '%' E
    7  | E . '^' E
   10  | E . '<' E
   11  | E . '>' E
   12  | E . A E
   13  | E . B E
   13  | E B E .
   14  | E . C E
   15  | E . D E
   16  | E . F E
   17  | E . G E
   18  | E . '&' E
   19  | E . '|' E
   20  | E . H E
   21  | E . I E

    H    shift, and go to state 17
    I    shift, and go to state 18
    '+'  shift, and go to state 23
    '-'  shift, and go to state 24
    '*'  shift, and go to state 25
    '/'  shift, and go to state 26
    '%'  shift, and go to state 27
    '^'  shift, and go to state 28

    $default  reduce using rule 13 (E)


State 33

    2 E: E . '+' E
    3  | E . '-' E
    4  | E . '*' E
    5  | E . '/' E
    6  | E . '%' E
    7  | E . '^' E
   10  | E . '<' E
   11  | E . '>' E
   12  | E . A E
   13  | E . B E
   14  | E . C E
   14  | E C E .
   15  | E . D E
   16  | E . F E
   17  | E . G E
   18  | E . '&' E
   19  | E . '|' E
   20  | E . H E
   21  | E . I E

    A    shift, and go to state 11
    B    shift, and go to state 12
    H    shift, and go to state 17
    I    shift, and go to state 18
    '>'  shift, and go to state 21
    '<'  shift, and go to state 22
    '+'  shift, and go to state 23
    '-'  shift, and go to state 24
    '*'  shift, and go to state 25
    '/'  shift, and go to state 26
    '%'  shift, and go to state 27
    '^'  shift, and go to state 28

    $default  reduce using rule 14 (E)


State 34

    2 E: E . '+' E
    3  | E . '-' E
    4  | E . '*' E
    5  | E . '/' E
    6  | E . '%' E
    7  | E . '^' E
   10  | E . '<' E
   11  | E . '>' E
   12  | E . A E
   13  | E . B E
   14  | E . C E
   15  | E . D E
   15  | E D E .
   16  | E . F E
   17  | E . G E
   18  | E . '&' E
   19  | E . '|' E
   20  | E . H E
   21  | E . I E

    A    shift, and go to state 11
    B    shift, and go to state 12
    H    shift, and go to state 17
    I    shift, and go to state 18
    '>'  shift, and go to state 21
    '<'  shift, and go to state 22
    '+'  shift, and go to state 23
    '-'  shift, and go to state 24
    '*'  shift, and go to state 25
    '/'  shift, and go to state 26
    '%'  shift, and go to state 27
    '^'  shift, and go to state 28

    $default  reduce using rule 15 (E)


State 35

    2 E: E . '+' E
    3  | E . '-' E
    4  | E . '*' E
    5  | E . '/' E
    6  | E . '%' E
    7  | E . '^' E
   10  | E . '<' E
   11  | E . '>' E
   12  | E . A E
   13  | E . B E
   14  | E . C E
   15  | E . D E
   16  | E . F E
   16  | E F E .
   17  | E . G E
   18  | E . '&' E
   19  | E . '|' E
   20  | E . H E
   21  | E . I E

    A    shift, and go to state 11
    B    shift, and go to state 12
    C    shift, and go to state 13
    D    shift, and go to state 14
    H    shift, and go to state 17
    I    shift, and go to state 18
    '|'  shift, and go to state 19
    '&'  shift, and go to state 20
    '>'  shift, and go to state 21
    '<'  shift, and go to state 22
    '+'  shift, and go to state 23
    '-'  shift, and go to state 24
    '*'  shift, and go to state 25
    '/'  shift, and go to state 26
    '%'  shift, and go to state 27
    '^'  shift, and go to state 28

    $default  reduce using rule 16 (E)


State 36

    2 E: E . '+' E
    3  | E . '-' E
    4  | E . '*' E
    5  | E . '/' E
    6  | E . '%' E
    7  | E . '^' E
   10  | E . '<' E
   11  | E . '>' E
   12  | E . A E
   13  | E . B E
   14  | E . C E
   15  | E . D E
   16  | E . F E
   17  | E . G E
   17  | E G E .
   18  | E . '&' E
   19  | E . '|' E
   20  | E . H E
   21  | E . I E

    A    shift, and go to state 11
    B    shift, and go to state 12
    C    shift, and go to state 13
    D    shift, and go to state 14
    F    shift, and go to state 15
    H    shift, and go to state 17
    I    shift, and go to state 18
    '|'  shift, and go to state 19
    '&'  shift, and go to state 20
    '>'  shift, and go to state 21
    '<'  shift, and go to state 22
    '+'  shift, and go to state 23
    '-'  shift, and go to state 24
    '*'  shift, and go to state 25
    '/'  shift, and go to state 26
    '%'  shift, and go to state 27
    '^'  shift, and go to state 28

    $default  reduce using rule 17 (E)


State 37

    2 E: E . '+' E
    3  | E . '-' E
    4  | E . '*' E
    5  | E . '/' E
    6  | E . '%' E
    7  | E . '^' E
   10  | E . '<' E
   11  | E . '>' E
   12  | E . A E
   13  | E . B E
   14  | E . C E
   15  | E . D E
   16  | E . F E
   17  | E . G E
   18  | E . '&' E
   19  | E . '|' E
   20  | E . H E
   20  | E H E .
   21  | E . I E

    '+'  shift, and go to state 23
    '-'  shift, and go to state 24
    '*'  shift, and go to state 25
    '/'  shift, and go to state 26
    '%'  shift, and go to state 27
    '^'  shift, and go to state 28

    $default  reduce using rule 20 (E)


State 38

    2 E: E . '+' E
    3  | E . '-' E
    4  | E . '*' E
    5  | E . '/' E
    6  | E . '%' E
    7  | E . '^' E
   10  | E . '<' E
   11  | E . '>' E
   12  | E . A E
   13  | E . B E
   14  | E . C E
   15  | E . D E
   16  | E . F E
   17  | E . G E
   18  | E . '&' E
   19  | E . '|' E
   20  | E . H E
   21  | E . I E
   21  | E I E .

    '+'  shift, and go to state 23
    '-'  shift, and go to state 24
    '*'  shift, and go to state 25
    '/'  shift, and go to state 26
    '%'  shift, and go to state 27
    '^'  shift, and go to state 28

    $default  reduce using rule 21 (E)


State 39

    2 E: E . '+' E
    3  | E . '-' E
    4  | E . '*' E
    5  | E . '/' E
    6  | E . '%' E
    7  | E . '^' E
   10  | E . '<' E
   11  | E . '>' E
   12  | E . A E
   13  | E . B E
   14  | E . C E
   15  | E . D E
   16  | E . F E
   17  | E . G E
   18  | E . '&' E
   19  | E . '|' E
   19  | E '|' E .
   20  | E . H E
   21  | E . I E

    A    shift, and go to state 11
    B    shift, and go to state 12
    C    shift, and go to state 13
    D    shift, and go to state 14
    H    shift, and go to state 17
    I    shift, and go to state 18
    '&'  shift, and go to state 20
    '>'  shift, and go to state 21
    '<'  shift, and go to state 22
    '+'  shift, and go to state 23
    '-'  shift, and go to state 24
    '*'  shift, and go to state 25
    '/'  shift, and go to state 26
    '%'  shift, and go to state 27
    '^'  shift, and go to state 28

    $default  reduce using rule 19 (E)


State 40

    2 E: E . '+' E
    3  | E . '-' E
    4  | E . '*' E
    5  | E . '/' E
    6  | E . '%' E
    7  | E . '^' E
   10  | E . '<' E
   11  | E . '>' E
   12  | E . A E
   13  | E . B E
   14  | E . C E
   15  | E . D E
   16  | E . F E
   17  | E . G E
   18  | E . '&' E
   18  | E '&' E .
   19  | E . '|' E
   20  | E . H E
   21  | E . I E

    A    shift, and go to state 11
    B    shift, and go to state 12
    C    shift, and go to state 13
    D    shift, and go to state 14
    H    shift, and go to state 17
    I    shift, and go to state 18
    '>'  shift, and go to state 21
    '<'  shift, and go to state 22
    '+'  shift, and go to state 23
    '-'  shift, and go to state 24
    '*'  shift, and go to state 25
    '/'  shift, and go to state 26
    '%'  shift, and go to state 27
    '^'  shift, and go to state 28

    $default  reduce using rule 18 (E)


State 41

    2 E: E . '+' E
    3  | E . '-' E
    4  | E . '*' E
    5  | E . '/' E
    6  | E . '%' E
    7  | E . '^' E
   10  | E . '<' E
   11  | E . '>' E
   11  | E '>' E .
   12  | E . A E
   13  | E . B E
   14  | E . C E
   15  | E . D E
   16  | E . F E
   17  | E . G E
   18  | E . '&' E
   19  | E . '|' E
   20  | E . H E
   21  | E . I E

    H    shift, and go to state 17
    I    shift, and go to state 18
    '+'  shift, and go to state 23
    '-'  shift, and go to state 24
    '*'  shift, and go to state 25
    '/'  shift, and go to state 26
    '%'  shift, and go to state 27
    '^'  shift, and go to state 28

    $default  reduce using rule 11 (E)


State 42

    2 E: E . '+' E
    3  | E . '-' E
    4  | E . '*' E
    5  | E . '/' E
    6  | E . '%' E
    7  | E . '^' E
   10  | E . '<' E
   10  | E '<' E .
   11  | E . '>' E
   12  | E . A E
   13  | E . B E
   14  | E . C E
   15  | E . D E
   16  | E . F E
   17  | E . G E
   18  | E . '&' E
   19  | E . '|' E
   20  | E . H E
   21  | E . I E

    H    shift, and go to state 17
    I    shift, and go to state 18
    '+'  shift, and go to state 23
    '-'  shift, and go to state 24
    '*'  shift, and go to state 25
    '/'  shift, and go to state 26
    '%'  shift, and go to state 27
    '^'  shift, and go to state 28

    $default  reduce using rule 10 (E)


State 43

    2 E: E . '+' E
    2  | E '+' E .
    3  | E . '-' E
    4  | E . '*' E
    5  | E . '/' E
    6  | E . '%' E
    7  | E . '^' E
   10  | E . '<' E
   11  | E . '>' E
   12  | E . A E
   13  | E . B E
   14  | E . C E
   15  | E . D E
   16  | E . F E
   17  | E . G E
   18  | E . '&' E
   19  | E . '|' E
   20  | E . H E
   21  | E . I E

    '*'  shift, and go to state 25
    '/'  shift, and go to state 26
    '%'  shift, and go to state 27
    '^'  shift, and go to state 28

    $default  reduce using rule 2 (E)


State 44

    2 E: E . '+' E
    3  | E . '-' E
    3  | E '-' E .
    4  | E . '*' E
    5  | E . '/' E
    6  | E . '%' E
    7  | E . '^' E
   10  | E . '<' E
   11  | E . '>' E
   12  | E . A E
   13  | E . B E
   14  | E . C E
   15  | E . D E
   16  | E . F E
   17  | E . G E
   18  | E . '&' E
   19  | E . '|' E
   20  | E . H E
   21  | E . I E

    '*'  shift, and go to state 25
    '/'  shift, and go to state 26
    '%'  shift, and go to state 27
    '^'  shift, and go to state 28

    $default  reduce using rule 3 (E)


State 45

    2 E: E . '+' E
    3  | E . '-' E
    4  | E . '*' E
    4  | E '*' E .
    5  | E . '/' E
    6  | E . '%' E
    7  | E . '^' E
   10  | E . '<' E
   11  | E . '>' E
   12  | E . A E
   13  | E . B E
   14  | E . C E
   15  | E . D E
   16  | E . F E
   17  | E . G E
   18  | E . '&' E
   19  | E . '|' E
   20  | E . H E
   21  | E . I E

    '^'  shift, and go to state 28

    $default  reduce using rule 4 (E)


State 46

    2 E: E . '+' E
    3  | E . '-' E
    4  | E . '*' E
    5  | E . '/' E
    5  | E '/' E .
    6  | E . '%' E
    7  | E . '^' E
   10  | E . '<' E
   11  | E . '>' E
   12  | E . A E
   13  | E . B E
   14  | E . C E
   15  | E . D E
   16  | E . F E
   17  | E . G E
   18  | E . '&' E
   19  | E . '|' E
   20  | E . H E
   21  | E . I E

    '^'  shift, and go to state 28

    $default  reduce using rule 5 (E)


State 47

    2 E: E . '+' E
    3  | E . '-' E
    4  | E . '*' E
    5  | E . '/' E
    6  | E . '%' E
    6  | E '%' E .
    7  | E . '^' E
   10  | E . '<' E
   11  | E . '>' E
   12  | E . A E
   13  | E . B E
   14  | E . C E
   15  | E . D E
   16  | E . F E
   17  | E . G E
   18  | E . '&' E
   19  | E . '|' E
   20  | E . H E
   21  | E . I E

    '^'  shift, and go to state 28

    $default  reduce using rule 6 (E)


State 48

    2 E: E . '+' E
    3  | E . '-' E
    4  | E . '*' E
    5  | E . '/' E
    6  | E . '%' E
    7  | E . '^' E
    7  | E '^' E .
   10  | E . '<' E
   11  | E . '>' E
   12  | E . A E
   13  | E . B E
   14  | E . C E
   15  | E . D E
   16  | E . F E
   17  | E . G E
   18  | E . '&' E
   19  | E . '|' E
   20  | E . H E
   21  | E . I E

    '^'  shift, and go to state 28

    $default  reduce using rule 7 (E)
